minimatch@3.1.5
в”њв”Ђв”¬ @eslint/config-array@0.21.1
в”‚ в””в”Ђв”¬ eslint@9.39.3
в”‚   в”њв”Ђв”¬ @eslint-community/eslint-utils@4.9.1
в”‚   в”‚ в”њв”Ђв”¬ @typescript-eslint/utils@8.59.2
в”‚   в”‚ в”‚ в”њв”Ђв”¬ @typescript-eslint/eslint-plugin@8.59.2
в”‚   в”‚ в”‚ в”‚ в””в”Ђв”¬ typescript-eslint@8.59.2
в”‚   в”‚ в”‚ в”‚   в””в”Ђв”¬ eslint-config-next@16.2.6
в”‚   в”‚ в”‚ в”‚     в””в”Ђв”Ђ new@0.1.0 (devDependencies)
в”‚   в”‚ в”‚ в”њв”Ђв”¬ @typescript-eslint/type-utils@8.59.2
в”‚   в”‚ в”‚ в”‚ в””в”Ђв”Ђ @typescript-eslint/eslint-plugin@8.59.2 [deduped]
в”‚   в”‚ в”‚ в””в”Ђв”Ђ typescript-eslint@8.59.2 [deduped]
в”‚   в”‚ в””в”Ђв”Ђ eslint@9.39.3 [circular]
в”‚   в”њв”Ђв”Ђ @typescript-eslint/eslint-plugin@8.59.2 [deduped]
в”‚   в”њв”Ђв”¬ @typescript-eslint/parser@8.59.2
в”‚   в”‚ в”њв”Ђв”Ђ @typescript-eslint/eslint-plugin@8.59.2 [deduped]
в”‚   в”‚ в”њв”Ђв”¬ eslint-module-utils@2.12.1
в”‚   в”‚ в”‚ в””в”Ђв”¬ eslint-plugin-import@2.32.0
в”‚   в”‚ в”‚   в”њв”Ђв”Ђ eslint-config-next@16.2.6 [deduped]
в”‚   в”‚ в”‚   в””в”Ђв”¬ eslint-import-resolver-typescript@3.10.1
в”‚   в”‚ в”‚     в”њв”Ђв”Ђ eslint-config-next@16.2.6 [deduped]
в”‚   в”‚ в”‚     в””в”Ђв”Ђ eslint-module-utils@2.12.1 [circular]
в”‚   в”‚ в”њв”Ђв”Ђ eslint-plugin-import@2.32.0 [deduped]
в”‚   в”‚ в””в”Ђв”Ђ typescript-eslint@8.59.2 [deduped]
в”‚   в”њв”Ђв”Ђ @typescript-eslint/type-utils@8.59.2 [deduped]
в”‚   в”њв”Ђв”Ђ @typescript-eslint/utils@8.59.2 [deduped]
в”‚   в”њв”Ђв”Ђ eslint-config-next@16.2.6 [deduped]
в”‚   в”њв”Ђв”Ђ eslint-import-resolver-typescript@3.10.1 [deduped]
в”‚   в”њв”Ђв”Ђ eslint-module-utils@2.12.1 [deduped]
в”‚   в”њв”Ђв”Ђ eslint-plugin-import@2.32.0 [deduped]
в”‚   в”њв”Ђв”¬ eslint-plugin-jsx-a11y@6.10.2
в”‚   в”‚ в””в”Ђв”Ђ eslint-config-next@16.2.6 [deduped]
в”‚   в”њв”Ђв”¬ eslint-plugin-react@7.37.5
в”‚   в”‚ в””в”Ђв”Ђ eslint-config-next@16.2.6 [deduped]
в”‚   в”њв”Ђв”¬ eslint-plugin-react-hooks@7.1.1
в”‚   в”‚ в””в”Ђв”Ђ eslint-config-next@16.2.6 [deduped]
в”‚   в”њв”Ђв”Ђ new@0.1.0 (devDependencies)
в”‚   в””в”Ђв”Ђ typescript-eslint@8.59.2 [deduped]
в”њв”Ђв”¬ @eslint/eslintrc@3.3.4
в”‚ в””в”Ђв”Ђ eslint@9.39.3 [deduped]
в”њв”Ђв”Ђ eslint@9.39.3 [deduped]
в”њв”Ђв”Ђ eslint-plugin-import@2.32.0 [deduped]
в”њв”Ђв”Ђ eslint-plugin-jsx-a11y@6.10.2 [deduped]
в””в”Ђв”Ђ eslint-plugin-react@7.37.5 [deduped]

minimatch@10.2.4
в”њв”Ђв”¬ @ts-morph/common@0.27.0
в”‚ в””в”Ђв”¬ ts-morph@26.0.0
в”‚   в””в”Ђв”¬ shadcn@4.7.0
в”‚     в””в”Ђв”Ђ new@0.1.0 (dependencies)
в””в”Ђв”¬ @typescript-eslint/typescript-estree@8.59.2
  в”њв”Ђв”¬ @typescript-eslint/parser@8.59.2
  в”‚ в”њв”Ђв”¬ @typescript-eslint/eslint-plugin@8.59.2
  в”‚ в”‚ в””в”Ђв”¬ typescript-eslint@8.59.2
  в”‚ в”‚   в””в”Ђв”¬ eslint-config-next@16.2.6
  в”‚ в”‚     в””в”Ђв”Ђ new@0.1.0 (devDependencies)
  в”‚ в”њв”Ђв”¬ eslint-module-utils@2.12.1
  в”‚ в”‚ в””в”Ђв”¬ eslint-plugin-import@2.32.0
  в”‚ в”‚   в”њв”Ђв”Ђ eslint-config-next@16.2.6 [deduped]
  в”‚ в”‚   в””в”Ђв”¬ eslint-import-resolver-typescript@3.10.1
  в”‚ в”‚     в”њв”Ђв”Ђ eslint-config-next@16.2.6 [deduped]
  в”‚ в”‚     в””в”Ђв”Ђ eslint-module-utils@2.12.1 [circular]
  в”‚ в”њв”Ђв”Ђ eslint-plugin-import@2.32.0 [deduped]
  в”‚ в””в”Ђв”Ђ typescript-eslint@8.59.2 [deduped]
  в”њв”Ђв”¬ @typescript-eslint/type-utils@8.59.2
  в”‚ в””в”Ђв”Ђ @typescript-eslint/eslint-plugin@8.59.2 [deduped]
  в”њв”Ђв”¬ @typescript-eslint/utils@8.59.2
  в”‚ в”њв”Ђв”Ђ @typescript-eslint/eslint-plugin@8.59.2 [deduped]
  в”‚ в”њв”Ђв”Ђ @typescript-eslint/type-utils@8.59.2 [deduped]
  в”‚ в””в”Ђв”Ђ typescript-eslint@8.59.2 [deduped]
  в””в”Ђв”Ђ typescript-eslint@8.59.2 [deduped]

Found 2 versions of minimatch
